[INFO] Scanning for projects...
[INFO] 
[INFO] ---------------------------< com.upnest:edu >---------------------------
[INFO] Building UpNest Edu System 0.0.1-SNAPSHOT
[INFO]   from pom.xml
[INFO] --------------------------------[ jar ]---------------------------------
[INFO] 
[INFO] --- clean:3.3.2:clean (default-clean) @ edu ---
[INFO] Deleting n:\DACN\upnestedu\edu\target
[INFO] 
[INFO] --- resources:3.3.1:resources (default-resources) @ edu ---
[INFO] Copying 1 resource from src\main\resources to target\classes
[INFO] Copying 0 resource from src\main\resources to target\classes
[INFO] 
[INFO] --- compiler:3.13.0:compile (default-compile) @ edu ---
[INFO] Recompiling the module because of changed source code.
[INFO] Compiling 116 source files with javac [debug parameters release 21] to target\classes
[INFO] -------------------------------------------------------------
[WARNING] COMPILATION WARNING : 
[INFO] -------------------------------------------------------------
[WARNING] /n:/DACN/upnestedu/edu/src/main/java/com/upnest/edu/modules/qa/entity/AnswerReaction.java:[61,27] @Builder will ignore the initializing expression entirely. If you want the initializing expression to serve as default, add @Builder.Default. If it is not supposed to be settable during building, make the field final.
[WARNING] /n:/DACN/upnestedu/edu/src/main/java/com/upnest/edu/modules/qa/entity/Answer.java:[62,21] @Builder will ignore the initializing expression entirely. If you want the initializing expression to serve as default, add @Builder.Default. If it is not supposed to be settable during building, make the field final.
[WARNING] /n:/DACN/upnestedu/edu/src/main/java/com/upnest/edu/modules/qa/entity/Answer.java:[68,21] @Builder will ignore the initializing expression entirely. If you want the initializing expression to serve as default, add @Builder.Default. If it is not supposed to be settable during building, make the field final.
[WARNING] /n:/DACN/upnestedu/edu/src/main/java/com/upnest/edu/modules/qa/entity/Answer.java:[74,27] @Builder will ignore the initializing expression entirely. If you want the initializing expression to serve as default, add @Builder.Default. If it is not supposed to be settable during building, make the field final.
[WARNING] /n:/DACN/upnestedu/edu/src/main/java/com/upnest/edu/modules/qa/entity/Answer.java:[80,27] @Builder will ignore the initializing expression entirely. If you want the initializing expression to serve as default, add @Builder.Default. If it is not supposed to be settable during building, make the field final.
[WARNING] /n:/DACN/upnestedu/edu/src/main/java/com/upnest/edu/modules/qa/entity/Answer.java:[86,32] @Builder will ignore the initializing expression entirely. If you want the initializing expression to serve as default, add @Builder.Default. If it is not supposed to be settable during building, make the field final.
[WARNING] /n:/DACN/upnestedu/edu/src/main/java/com/upnest/edu/modules/qa/entity/Answer.java:[92,33] @Builder will ignore the initializing expression entirely. If you want the initializing expression to serve as default, add @Builder.Default. If it is not supposed to be settable during building, make the field final.
[WARNING] /n:/DACN/upnestedu/edu/src/main/java/com/upnest/edu/modules/qa/entity/QuestionReaction.java:[61,27] @Builder will ignore the initializing expression entirely. If you want the initializing expression to serve as default, add @Builder.Default. If it is not supposed to be settable during building, make the field final.
[WARNING] /n:/DACN/upnestedu/edu/src/main/java/com/upnest/edu/modules/qa/message/QaMessage.java:[87,27] @Builder will ignore the initializing expression entirely. If you want the initializing expression to serve as default, add @Builder.Default. If it is not supposed to be settable during building, make the field final.
[WARNING] /n:/DACN/upnestedu/edu/src/main/java/com/upnest/edu/modules/user/entity/User.java:[76,22] @Builder will ignore the initializing expression entirely. If you want the initializing expression to serve as default, add @Builder.Default. If it is not supposed to be settable during building, make the field final.
[WARNING] /n:/DACN/upnestedu/edu/src/main/java/com/upnest/edu/modules/user/entity/User.java:[83,24] @Builder will ignore the initializing expression entirely. If you want the initializing expression to serve as default, add @Builder.Default. If it is not supposed to be settable during building, make the field final.
[WARNING] /n:/DACN/upnestedu/edu/src/main/java/com/upnest/edu/modules/user/entity/User.java:[89,21] @Builder will ignore the initializing expression entirely. If you want the initializing expression to serve as default, add @Builder.Default. If it is not supposed to be settable during building, make the field final.
[WARNING] /n:/DACN/upnestedu/edu/src/main/java/com/upnest/edu/modules/user/entity/User.java:[95,27] @Builder will ignore the initializing expression entirely. If you want the initializing expression to serve as default, add @Builder.Default. If it is not supposed to be settable during building, make the field final.
[WARNING] /n:/DACN/upnestedu/edu/src/main/java/com/upnest/edu/modules/user/entity/User.java:[101,27] @Builder will ignore the initializing expression entirely. If you want the initializing expression to serve as default, add @Builder.Default. If it is not supposed to be settable during building, make the field final.
[WARNING] /n:/DACN/upnestedu/edu/src/main/java/com/upnest/edu/modules/qa/entity/AnswerComment.java:[57,27] @Builder will ignore the initializing expression entirely. If you want the initializing expression to serve as default, add @Builder.Default. If it is not supposed to be settable during building, make the field final.
[WARNING] /n:/DACN/upnestedu/edu/src/main/java/com/upnest/edu/modules/qa/entity/AnswerComment.java:[63,27] @Builder will ignore the initializing expression entirely. If you want the initializing expression to serve as default, add @Builder.Default. If it is not supposed to be settable during building, make the field final.
[WARNING] /n:/DACN/upnestedu/edu/src/main/java/com/upnest/edu/modules/qa/entity/QuestionComment.java:[57,27] @Builder will ignore the initializing expression entirely. If you want the initializing expression to serve as default, add @Builder.Default. If it is not supposed to be settable during building, make the field final.
[WARNING] /n:/DACN/upnestedu/edu/src/main/java/com/upnest/edu/modules/qa/entity/QuestionComment.java:[63,27] @Builder will ignore the initializing expression entirely. If you want the initializing expression to serve as default, add @Builder.Default. If it is not supposed to be settable during building, make the field final.
[WARNING] /n:/DACN/upnestedu/edu/src/main/java/com/upnest/edu/modules/qa/entity/Question.java:[74,28] @Builder will ignore the initializing expression entirely. If you want the initializing expression to serve as default, add @Builder.Default. If it is not supposed to be settable during building, make the field final.
[WARNING] /n:/DACN/upnestedu/edu/src/main/java/com/upnest/edu/modules/qa/entity/Question.java:[80,21] @Builder will ignore the initializing expression entirely. If you want the initializing expression to serve as default, add @Builder.Default. If it is not supposed to be settable during building, make the field final.
[WARNING] /n:/DACN/upnestedu/edu/src/main/java/com/upnest/edu/modules/qa/entity/Question.java:[86,21] @Builder will ignore the initializing expression entirely. If you want the initializing expression to serve as default, add @Builder.Default. If it is not supposed to be settable during building, make the field final.
[WARNING] /n:/DACN/upnestedu/edu/src/main/java/com/upnest/edu/modules/qa/entity/Question.java:[98,27] @Builder will ignore the initializing expression entirely. If you want the initializing expression to serve as default, add @Builder.Default. If it is not supposed to be settable during building, make the field final.
[WARNING] /n:/DACN/upnestedu/edu/src/main/java/com/upnest/edu/modules/qa/entity/Question.java:[104,27] @Builder will ignore the initializing expression entirely. If you want the initializing expression to serve as default, add @Builder.Default. If it is not supposed to be settable during building, make the field final.
[WARNING] /n:/DACN/upnestedu/edu/src/main/java/com/upnest/edu/modules/qa/entity/Question.java:[110,25] @Builder will ignore the initializing expression entirely. If you want the initializing expression to serve as default, add @Builder.Default. If it is not supposed to be settable during building, make the field final.
[WARNING] /n:/DACN/upnestedu/edu/src/main/java/com/upnest/edu/modules/qa/entity/Question.java:[116,34] @Builder will ignore the initializing expression entirely. If you want the initializing expression to serve as default, add @Builder.Default. If it is not supposed to be settable during building, make the field final.
[WARNING] /n:/DACN/upnestedu/edu/src/main/java/com/upnest/edu/modules/qa/entity/Question.java:[122,35] @Builder will ignore the initializing expression entirely. If you want the initializing expression to serve as default, add @Builder.Default. If it is not supposed to be settable during building, make the field final.
[INFO] 26 warnings 
[INFO] -------------------------------------------------------------
[INFO] -------------------------------------------------------------
[ERROR] COMPILATION ERROR : 
[INFO] -------------------------------------------------------------
[ERROR] /n:/DACN/upnestedu/edu/src/main/java/com/upnest/edu/modules/qa/controller/QuestionController.java:[37,35] variable questionService not initialized in the default constructor
[ERROR] /n:/DACN/upnestedu/edu/src/main/java/com/upnest/edu/modules/qa/controller/QuestionController.java:[38,33] variable answerService not initialized in the default constructor
[ERROR] /n:/DACN/upnestedu/edu/src/main/java/com/upnest/edu/modules/qa/controller/QuestionController.java:[39,34] variable commentService not initialized in the default constructor
[ERROR] /n:/DACN/upnestedu/edu/src/main/java/com/upnest/edu/modules/qa/controller/QuestionController.java:[40,35] variable reactionService not initialized in the default constructor
[ERROR] /n:/DACN/upnestedu/edu/src/main/java/com/upnest/edu/modules/user/service/PrivacySettingsService.java:[44,39] cannot find symbol
  symbol:   method builder()
  location: class com.upnest.edu.modules.user.entity.PrivacySettings
[ERROR] /n:/DACN/upnestedu/edu/src/main/java/com/upnest/edu/modules/user/service/PrivacySettingsService.java:[68,39] cannot find symbol
  symbol:   method builder()
  location: class com.upnest.edu.modules.user.entity.PrivacySettings
[ERROR] /n:/DACN/upnestedu/edu/src/main/java/com/upnest/edu/modules/user/service/PrivacySettingsService.java:[75,20] cannot find symbol
  symbol:   method getProfileVisibility()
  location: variable request of type com.upnest.edu.modules.user.payload.UpdatePrivacySettingsRequest
[ERROR] /n:/DACN/upnestedu/edu/src/main/java/com/upnest/edu/modules/user/service/PrivacySettingsService.java:[76,71] cannot find symbol
  symbol:   method getProfileVisibility()
  location: variable request of type com.upnest.edu.modules.user.payload.UpdatePrivacySettingsRequest
[ERROR] /n:/DACN/upnestedu/edu/src/main/java/com/upnest/edu/modules/user/service/PrivacySettingsService.java:[78,20] cannot find symbol
  symbol:   method getShowEmail()
  location: variable request of type com.upnest.edu.modules.user.payload.UpdatePrivacySettingsRequest
[ERROR] /n:/DACN/upnestedu/edu/src/main/java/com/upnest/edu/modules/user/service/PrivacySettingsService.java:[79,42] cannot find symbol
  symbol:   method getShowEmail()
  location: variable request of type com.upnest.edu.modules.user.payload.UpdatePrivacySettingsRequest
[ERROR] /n:/DACN/upnestedu/edu/src/main/java/com/upnest/edu/modules/user/service/PrivacySettingsService.java:[81,20] cannot find symbol
  symbol:   method getShowPhone()
  location: variable request of type com.upnest.edu.modules.user.payload.UpdatePrivacySettingsRequest
[ERROR] /n:/DACN/upnestedu/edu/src/main/java/com/upnest/edu/modules/user/service/PrivacySettingsService.java:[82,42] cannot find symbol
  symbol:   method getShowPhone()
  location: variable request of type com.upnest.edu.modules.user.payload.UpdatePrivacySettingsRequest
[ERROR] /n:/DACN/upnestedu/edu/src/main/java/com/upnest/edu/modules/user/service/PrivacySettingsService.java:[84,20] cannot find symbol
  symbol:   method getShowAcademicInfo()
  location: variable request of type com.upnest.edu.modules.user.payload.UpdatePrivacySettingsRequest
[ERROR] /n:/DACN/upnestedu/edu/src/main/java/com/upnest/edu/modules/user/service/PrivacySettingsService.java:[85,49] cannot find symbol
  symbol:   method getShowAcademicInfo()
  location: variable request of type com.upnest.edu.modules.user.payload.UpdatePrivacySettingsRequest
[ERROR] /n:/DACN/upnestedu/edu/src/main/java/com/upnest/edu/modules/user/service/PrivacySettingsService.java:[87,20] cannot find symbol
  symbol:   method getAllowContactFrom()
  location: variable request of type com.upnest.edu.modules.user.payload.UpdatePrivacySettingsRequest
[ERROR] /n:/DACN/upnestedu/edu/src/main/java/com/upnest/edu/modules/user/service/PrivacySettingsService.java:[88,70] cannot find symbol
  symbol:   method getAllowContactFrom()
  location: variable request of type com.upnest.edu.modules.user.payload.UpdatePrivacySettingsRequest
[ERROR] /n:/DACN/upnestedu/edu/src/main/java/com/upnest/edu/modules/user/service/PrivacySettingsService.java:[90,20] cannot find symbol
  symbol:   method getShowActivity()
  location: variable request of type com.upnest.edu.modules.user.payload.UpdatePrivacySettingsRequest
[ERROR] /n:/DACN/upnestedu/edu/src/main/java/com/upnest/edu/modules/user/service/PrivacySettingsService.java:[91,66] cannot find symbol
  symbol:   method getShowActivity()
  location: variable request of type com.upnest.edu.modules.user.payload.UpdatePrivacySettingsRequest
[ERROR] /n:/DACN/upnestedu/edu/src/main/java/com/upnest/edu/modules/user/service/PrivacySettingsService.java:[93,20] cannot find symbol
  symbol:   method getShowFriendsList()
  location: variable request of type com.upnest.edu.modules.user.payload.UpdatePrivacySettingsRequest
[ERROR] /n:/DACN/upnestedu/edu/src/main/java/com/upnest/edu/modules/user/service/PrivacySettingsService.java:[94,48] cannot find symbol
  symbol:   method getShowFriendsList()
  location: variable request of type com.upnest.edu.modules.user.payload.UpdatePrivacySettingsRequest
[ERROR] /n:/DACN/upnestedu/edu/src/main/java/com/upnest/edu/modules/user/service/PrivacySettingsService.java:[96,20] cannot find symbol
  symbol:   method getSearchableByEmail()
  location: variable request of type com.upnest.edu.modules.user.payload.UpdatePrivacySettingsRequest
[ERROR] /n:/DACN/upnestedu/edu/src/main/java/com/upnest/edu/modules/user/service/PrivacySettingsService.java:[97,50] cannot find symbol
  symbol:   method getSearchableByEmail()
  location: variable request of type com.upnest.edu.modules.user.payload.UpdatePrivacySettingsRequest
[ERROR] /n:/DACN/upnestedu/edu/src/main/java/com/upnest/edu/modules/user/service/PrivacySettingsService.java:[99,20] cannot find symbol
  symbol:   method getSearchableByUsername()
  location: variable request of type com.upnest.edu.modules.user.payload.UpdatePrivacySettingsRequest
[ERROR] /n:/DACN/upnestedu/edu/src/main/java/com/upnest/edu/modules/user/service/PrivacySettingsService.java:[100,53] cannot find symbol
  symbol:   method getSearchableByUsername()
  location: variable request of type com.upnest.edu.modules.user.payload.UpdatePrivacySettingsRequest
[ERROR] /n:/DACN/upnestedu/edu/src/main/java/com/upnest/edu/modules/user/service/PrivacySettingsService.java:[102,20] cannot find symbol
  symbol:   method getReceiveEmailNotifications()
  location: variable request of type com.upnest.edu.modules.user.payload.UpdatePrivacySettingsRequest
[ERROR] /n:/DACN/upnestedu/edu/src/main/java/com/upnest/edu/modules/user/service/PrivacySettingsService.java:[103,58] cannot find symbol
  symbol:   method getReceiveEmailNotifications()
  location: variable request of type com.upnest.edu.modules.user.payload.UpdatePrivacySettingsRequest
[ERROR] /n:/DACN/upnestedu/edu/src/main/java/com/upnest/edu/modules/user/service/PrivacySettingsService.java:[105,20] cannot find symbol
  symbol:   method getNotificationFrom()
  location: variable request of type com.upnest.edu.modules.user.payload.UpdatePrivacySettingsRequest
[ERROR] /n:/DACN/upnestedu/edu/src/main/java/com/upnest/edu/modules/user/service/PrivacySettingsService.java:[106,70] cannot find symbol
  symbol:   method getNotificationFrom()
  location: variable request of type com.upnest.edu.modules.user.payload.UpdatePrivacySettingsRequest
[ERROR] /n:/DACN/upnestedu/edu/src/main/java/com/upnest/edu/modules/user/service/PrivacySettingsService.java:[108,20] cannot find symbol
  symbol:   method getAllowFriendRequestFrom()
  location: variable request of type com.upnest.edu.modules.user.payload.UpdatePrivacySettingsRequest
[ERROR] /n:/DACN/upnestedu/edu/src/main/java/com/upnest/edu/modules/user/service/PrivacySettingsService.java:[109,76] cannot find symbol
  symbol:   method getAllowFriendRequestFrom()
  location: variable request of type com.upnest.edu.modules.user.payload.UpdatePrivacySettingsRequest
[ERROR] /n:/DACN/upnestedu/edu/src/main/java/com/upnest/edu/modules/user/service/PrivacySettingsService.java:[112,17] cannot find symbol
  symbol:   method setUpdatedAt(java.time.LocalDateTime)
  location: variable settings of type com.upnest.edu.modules.user.entity.PrivacySettings
[ERROR] /n:/DACN/upnestedu/edu/src/main/java/com/upnest/edu/modules/user/service/PrivacySettingsService.java:[132,51] cannot find symbol
  symbol:   method builder()
  location: class com.upnest.edu.modules.user.entity.PrivacySettings
[ERROR] /n:/DACN/upnestedu/edu/src/main/java/com/upnest/edu/modules/user/service/PrivacySettingsService.java:[147,39] cannot find symbol
  symbol:   method builder()
  location: class com.upnest.edu.modules.user.payload.PrivacySettingsResponse
[ERROR] /n:/DACN/upnestedu/edu/src/main/java/com/upnest/edu/modules/user/service/PrivacySettingsService.java:[148,36] cannot find symbol
  symbol:   method getSettingId()
  location: variable settings of type com.upnest.edu.modules.user.entity.PrivacySettings
[ERROR] /n:/DACN/upnestedu/edu/src/main/java/com/upnest/edu/modules/user/service/PrivacySettingsService.java:[149,44] cannot find symbol
  symbol:   method getProfileVisibility()
  location: variable settings of type com.upnest.edu.modules.user.entity.PrivacySettings
[ERROR] /n:/DACN/upnestedu/edu/src/main/java/com/upnest/edu/modules/user/service/PrivacySettingsService.java:[150,36] cannot find symbol
  symbol:   method getShowEmail()
  location: variable settings of type com.upnest.edu.modules.user.entity.PrivacySettings
[ERROR] /n:/DACN/upnestedu/edu/src/main/java/com/upnest/edu/modules/user/service/PrivacySettingsService.java:[151,36] cannot find symbol
  symbol:   method getShowPhone()
  location: variable settings of type com.upnest.edu.modules.user.entity.PrivacySettings
[ERROR] /n:/DACN/upnestedu/edu/src/main/java/com/upnest/edu/modules/user/service/PrivacySettingsService.java:[152,43] cannot find symbol
  symbol:   method getShowAcademicInfo()
  location: variable settings of type com.upnest.edu.modules.user.entity.PrivacySettings
[ERROR] /n:/DACN/upnestedu/edu/src/main/java/com/upnest/edu/modules/user/service/PrivacySettingsService.java:[153,43] cannot find symbol
  symbol:   method getAllowContactFrom()
  location: variable settings of type com.upnest.edu.modules.user.entity.PrivacySettings
[ERROR] /n:/DACN/upnestedu/edu/src/main/java/com/upnest/edu/modules/user/service/PrivacySettingsService.java:[154,39] cannot find symbol
  symbol:   method getShowActivity()
  location: variable settings of type com.upnest.edu.modules.user.entity.PrivacySettings
[ERROR] /n:/DACN/upnestedu/edu/src/main/java/com/upnest/edu/modules/user/service/PrivacySettingsService.java:[155,42] cannot find symbol
  symbol:   method getShowFriendsList()
  location: variable settings of type com.upnest.edu.modules.user.entity.PrivacySettings
[ERROR] /n:/DACN/upnestedu/edu/src/main/java/com/upnest/edu/modules/user/service/PrivacySettingsService.java:[156,44] cannot find symbol
  symbol:   method getSearchableByEmail()
  location: variable settings of type com.upnest.edu.modules.user.entity.PrivacySettings
[ERROR] /n:/DACN/upnestedu/edu/src/main/java/com/upnest/edu/modules/user/service/PrivacySettingsService.java:[157,47] cannot find symbol
  symbol:   method getSearchableByUsername()
  location: variable settings of type com.upnest.edu.modules.user.entity.PrivacySettings
[ERROR] /n:/DACN/upnestedu/edu/src/main/java/com/upnest/edu/modules/user/service/PrivacySettingsService.java:[158,52] cannot find symbol
  symbol:   method getReceiveEmailNotifications()
  location: variable settings of type com.upnest.edu.modules.user.entity.PrivacySettings
[ERROR] /n:/DACN/upnestedu/edu/src/main/java/com/upnest/edu/modules/user/service/PrivacySettingsService.java:[159,43] cannot find symbol
  symbol:   method getNotificationFrom()
  location: variable settings of type com.upnest.edu.modules.user.entity.PrivacySettings
[ERROR] /n:/DACN/upnestedu/edu/src/main/java/com/upnest/edu/modules/user/service/PrivacySettingsService.java:[160,49] cannot find symbol
  symbol:   method getAllowFriendRequestFrom()
  location: variable settings of type com.upnest.edu.modules.user.entity.PrivacySettings
[ERROR] /n:/DACN/upnestedu/edu/src/main/java/com/upnest/edu/modules/user/service/UserProfileService.java:[34,9] cannot find symbol
  symbol:   variable log
  location: class com.upnest.edu.modules.user.service.UserProfileService
[ERROR] /n:/DACN/upnestedu/edu/src/main/java/com/upnest/edu/modules/user/service/UserProfileService.java:[49,9] cannot find symbol
  symbol:   variable log
  location: class com.upnest.edu.modules.user.service.UserProfileService
[ERROR] /n:/DACN/upnestedu/edu/src/main/java/com/upnest/edu/modules/user/service/UserProfileService.java:[55,20] cannot find symbol
  symbol:   method getFullName()
  location: variable request of type com.upnest.edu.modules.user.payload.UpdateProfileRequest
[ERROR] /n:/DACN/upnestedu/edu/src/main/java/com/upnest/edu/modules/user/service/UserProfileService.java:[56,37] cannot find symbol
  symbol:   method getFullName()
  location: variable request of type com.upnest.edu.modules.user.payload.UpdateProfileRequest
[ERROR] /n:/DACN/upnestedu/edu/src/main/java/com/upnest/edu/modules/user/service/UserProfileService.java:[58,20] cannot find symbol
  symbol:   method getPhone()
  location: variable request of type com.upnest.edu.modules.user.payload.UpdateProfileRequest
[ERROR] /n:/DACN/upnestedu/edu/src/main/java/com/upnest/edu/modules/user/service/UserProfileService.java:[59,34] cannot find symbol
  symbol:   method getPhone()
  location: variable request of type com.upnest.edu.modules.user.payload.UpdateProfileRequest
[ERROR] /n:/DACN/upnestedu/edu/src/main/java/com/upnest/edu/modules/user/service/UserProfileService.java:[65,34] cannot find symbol
  symbol:   method builder()
  location: class com.upnest.edu.modules.user.entity.UserProfile
[ERROR] /n:/DACN/upnestedu/edu/src/main/java/com/upnest/edu/modules/user/service/UserProfileService.java:[72,20] cannot find symbol
  symbol:   method getDateOfBirth()
  location: variable request of type com.upnest.edu.modules.user.payload.UpdateProfileRequest
[ERROR] /n:/DACN/upnestedu/edu/src/main/java/com/upnest/edu/modules/user/service/UserProfileService.java:[73,43] cannot find symbol
  symbol:   method getDateOfBirth()
  location: variable request of type com.upnest.edu.modules.user.payload.UpdateProfileRequest
[ERROR] /n:/DACN/upnestedu/edu/src/main/java/com/upnest/edu/modules/user/service/UserProfileService.java:[75,20] cannot find symbol
  symbol:   method getGender()
  location: variable request of type com.upnest.edu.modules.user.payload.UpdateProfileRequest
[ERROR] /n:/DACN/upnestedu/edu/src/main/java/com/upnest/edu/modules/user/service/UserProfileService.java:[76,88] cannot find symbol
  symbol:   method getGender()
  location: variable request of type com.upnest.edu.modules.user.payload.UpdateProfileRequest
[ERROR] /n:/DACN/upnestedu/edu/src/main/java/com/upnest/edu/modules/user/service/UserProfileService.java:[78,20] cannot find symbol
  symbol:   method getAddress()
  location: variable request of type com.upnest.edu.modules.user.payload.UpdateProfileRequest
[ERROR] /n:/DACN/upnestedu/edu/src/main/java/com/upnest/edu/modules/user/service/UserProfileService.java:[79,39] cannot find symbol
  symbol:   method getAddress()
  location: variable request of type com.upnest.edu.modules.user.payload.UpdateProfileRequest
[ERROR] /n:/DACN/upnestedu/edu/src/main/java/com/upnest/edu/modules/user/service/UserProfileService.java:[81,20] cannot find symbol
  symbol:   method getCity()
  location: variable request of type com.upnest.edu.modules.user.payload.UpdateProfileRequest
[ERROR] /n:/DACN/upnestedu/edu/src/main/java/com/upnest/edu/modules/user/service/UserProfileService.java:[82,36] cannot find symbol
  symbol:   method getCity()
  location: variable request of type com.upnest.edu.modules.user.payload.UpdateProfileRequest
[ERROR] /n:/DACN/upnestedu/edu/src/main/java/com/upnest/edu/modules/user/service/UserProfileService.java:[84,20] cannot find symbol
  symbol:   method getCountry()
  location: variable request of type com.upnest.edu.modules.user.payload.UpdateProfileRequest
[ERROR] /n:/DACN/upnestedu/edu/src/main/java/com/upnest/edu/modules/user/service/UserProfileService.java:[85,39] cannot find symbol
  symbol:   method getCountry()
  location: variable request of type com.upnest.edu.modules.user.payload.UpdateProfileRequest
[ERROR] /n:/DACN/upnestedu/edu/src/main/java/com/upnest/edu/modules/user/service/UserProfileService.java:[87,20] cannot find symbol
  symbol:   method getSpecialization()
  location: variable request of type com.upnest.edu.modules.user.payload.UpdateProfileRequest
[ERROR] /n:/DACN/upnestedu/edu/src/main/java/com/upnest/edu/modules/user/service/UserProfileService.java:[88,46] cannot find symbol
  symbol:   method getSpecialization()
  location: variable request of type com.upnest.edu.modules.user.payload.UpdateProfileRequest
[ERROR] /n:/DACN/upnestedu/edu/src/main/java/com/upnest/edu/modules/user/service/UserProfileService.java:[90,20] cannot find symbol
  symbol:   method getInstitution()
  location: variable request of type com.upnest.edu.modules.user.payload.UpdateProfileRequest
[ERROR] /n:/DACN/upnestedu/edu/src/main/java/com/upnest/edu/modules/user/service/UserProfileService.java:[91,43] cannot find symbol
  symbol:   method getInstitution()
  location: variable request of type com.upnest.edu.modules.user.payload.UpdateProfileRequest
[ERROR] /n:/DACN/upnestedu/edu/src/main/java/com/upnest/edu/modules/user/service/UserProfileService.java:[93,20] cannot find symbol
  symbol:   method getAcademicYear()
  location: variable request of type com.upnest.edu.modules.user.payload.UpdateProfileRequest
[ERROR] /n:/DACN/upnestedu/edu/src/main/java/com/upnest/edu/modules/user/service/UserProfileService.java:[94,44] cannot find symbol
  symbol:   method getAcademicYear()
  location: variable request of type com.upnest.edu.modules.user.payload.UpdateProfileRequest
[ERROR] /n:/DACN/upnestedu/edu/src/main/java/com/upnest/edu/modules/user/service/UserProfileService.java:[96,20] cannot find symbol
  symbol:   method getBio()
  location: variable request of type com.upnest.edu.modules.user.payload.UpdateProfileRequest
[ERROR] /n:/DACN/upnestedu/edu/src/main/java/com/upnest/edu/modules/user/service/UserProfileService.java:[97,35] cannot find symbol
  symbol:   method getBio()
  location: variable request of type com.upnest.edu.modules.user.payload.UpdateProfileRequest
[ERROR] /n:/DACN/upnestedu/edu/src/main/java/com/upnest/edu/modules/user/service/UserProfileService.java:[99,20] cannot find symbol
  symbol:   method getWebsite()
  location: variable request of type com.upnest.edu.modules.user.payload.UpdateProfileRequest
[ERROR] /n:/DACN/upnestedu/edu/src/main/java/com/upnest/edu/modules/user/service/UserProfileService.java:[100,39] cannot find symbol
  symbol:   method getWebsite()
  location: variable request of type com.upnest.edu.modules.user.payload.UpdateProfileRequest
[ERROR] /n:/DACN/upnestedu/edu/src/main/java/com/upnest/edu/modules/user/service/UserProfileService.java:[102,20] cannot find symbol
  symbol:   method getGithubUrl()
  location: variable request of type com.upnest.edu.modules.user.payload.UpdateProfileRequest
[ERROR] /n:/DACN/upnestedu/edu/src/main/java/com/upnest/edu/modules/user/service/UserProfileService.java:[103,41] cannot find symbol
  symbol:   method getGithubUrl()
  location: variable request of type com.upnest.edu.modules.user.payload.UpdateProfileRequest
[ERROR] /n:/DACN/upnestedu/edu/src/main/java/com/upnest/edu/modules/user/service/UserProfileService.java:[105,20] cannot find symbol
  symbol:   method getLinkedinUrl()
  location: variable request of type com.upnest.edu.modules.user.payload.UpdateProfileRequest
[ERROR] /n:/DACN/upnestedu/edu/src/main/java/com/upnest/edu/modules/user/service/UserProfileService.java:[106,43] cannot find symbol
  symbol:   method getLinkedinUrl()
  location: variable request of type com.upnest.edu.modules.user.payload.UpdateProfileRequest
[ERROR] /n:/DACN/upnestedu/edu/src/main/java/com/upnest/edu/modules/user/service/UserProfileService.java:[109,16] cannot find symbol
  symbol:   method setUpdatedAt(java.time.LocalDateTime)
  location: variable profile of type com.upnest.edu.modules.user.entity.UserProfile
[ERROR] /n:/DACN/upnestedu/edu/src/main/java/com/upnest/edu/modules/user/service/UserProfileService.java:[117,9] cannot find symbol
  symbol:   variable log
  location: class com.upnest.edu.modules.user.service.UserProfileService
[ERROR] /n:/DACN/upnestedu/edu/src/main/java/com/upnest/edu/modules/user/service/UserProfileService.java:[129,9] cannot find symbol
  symbol:   variable log
  location: class com.upnest.edu.modules.user.service.UserProfileService
[ERROR] /n:/DACN/upnestedu/edu/src/main/java/com/upnest/edu/modules/user/service/UserProfileService.java:[136,34] cannot find symbol
  symbol:   method builder()
  location: class com.upnest.edu.modules.user.entity.UserProfile
[ERROR] /n:/DACN/upnestedu/edu/src/main/java/com/upnest/edu/modules/user/service/UserProfileService.java:[142,16] cannot find symbol
  symbol:   method setAvatarUrl(java.lang.String)
  location: variable profile of type com.upnest.edu.modules.user.entity.UserProfile
[ERROR] /n:/DACN/upnestedu/edu/src/main/java/com/upnest/edu/modules/user/service/UserProfileService.java:[143,16] cannot find symbol
  symbol:   method setUpdatedAt(java.time.LocalDateTime)
  location: variable profile of type com.upnest.edu.modules.user.entity.UserProfile
[ERROR] /n:/DACN/upnestedu/edu/src/main/java/com/upnest/edu/modules/user/service/UserProfileService.java:[149,9] cannot find symbol
  symbol:   variable log
  location: class com.upnest.edu.modules.user.service.UserProfileService
[ERROR] /n:/DACN/upnestedu/edu/src/main/java/com/upnest/edu/modules/user/service/UserProfileService.java:[160,51] cannot find symbol
  symbol:   method getGender()
  location: variable profile of type com.upnest.edu.modules.user.entity.UserProfile
[ERROR] /n:/DACN/upnestedu/edu/src/main/java/com/upnest/edu/modules/user/service/UserProfileService.java:[161,26] cannot find symbol
  symbol:   method getGender()
  location: variable profile of type com.upnest.edu.modules.user.entity.UserProfile
[ERROR] /n:/DACN/upnestedu/edu/src/main/java/com/upnest/edu/modules/user/service/UserProfileService.java:[164,35] cannot find symbol
  symbol:   method builder()
  location: class com.upnest.edu.modules.user.payload.UserProfileResponse
[ERROR] /n:/DACN/upnestedu/edu/src/main/java/com/upnest/edu/modules/user/service/UserProfileService.java:[171,53] cannot find symbol
  symbol:   method getAvatarUrl()
  location: variable profile of type com.upnest.edu.modules.user.entity.UserProfile
[ERROR] /n:/DACN/upnestedu/edu/src/main/java/com/upnest/edu/modules/user/service/UserProfileService.java:[172,55] cannot find symbol
  symbol:   method getDateOfBirth()
  location: variable profile of type com.upnest.edu.modules.user.entity.UserProfile
[ERROR] /n:/DACN/upnestedu/edu/src/main/java/com/upnest/edu/modules/user/service/UserProfileService.java:[174,51] cannot find symbol
  symbol:   method getAddress()
  location: variable profile of type com.upnest.edu.modules.user.entity.UserProfile
[ERROR] /n:/DACN/upnestedu/edu/src/main/java/com/upnest/edu/modules/user/service/UserProfileService.java:[175,48] cannot find symbol
  symbol:   method getCity()
  location: variable profile of type com.upnest.edu.modules.user.entity.UserProfile
[ERROR] /n:/DACN/upnestedu/edu/src/main/java/com/upnest/edu/modules/user/service/UserProfileService.java:[176,51] cannot find symbol
  symbol:   method getCountry()
  location: variable profile of type com.upnest.edu.modules.user.entity.UserProfile
[ERROR] /n:/DACN/upnestedu/edu/src/main/java/com/upnest/edu/modules/user/service/UserProfileService.java:[177,58] cannot find symbol
  symbol:   method getSpecialization()
  location: variable profile of type com.upnest.edu.modules.user.entity.UserProfile
[ERROR] /n:/DACN/upnestedu/edu/src/main/java/com/upnest/edu/modules/user/service/UserProfileService.java:[178,55] cannot find symbol
  symbol:   method getInstitution()
  location: variable profile of type com.upnest.edu.modules.user.entity.UserProfile
[ERROR] /n:/DACN/upnestedu/edu/src/main/java/com/upnest/edu/modules/user/service/UserProfileService.java:[179,56] cannot find symbol
  symbol:   method getAcademicYear()
  location: variable profile of type com.upnest.edu.modules.user.entity.UserProfile
[ERROR] /n:/DACN/upnestedu/edu/src/main/java/com/upnest/edu/modules/user/service/UserProfileService.java:[180,47] cannot find symbol
  symbol:   method getBio()
  location: variable profile of type com.upnest.edu.modules.user.entity.UserProfile
[ERROR] /n:/DACN/upnestedu/edu/src/main/java/com/upnest/edu/modules/user/service/UserProfileService.java:[181,51] cannot find symbol
  symbol:   method getWebsite()
  location: variable profile of type com.upnest.edu.modules.user.entity.UserProfile
[ERROR] /n:/DACN/upnestedu/edu/src/main/java/com/upnest/edu/modules/user/service/UserProfileService.java:[182,53] cannot find symbol
  symbol:   method getGithubUrl()
  location: variable profile of type com.upnest.edu.modules.user.entity.UserProfile
[ERROR] /n:/DACN/upnestedu/edu/src/main/java/com/upnest/edu/modules/user/service/UserProfileService.java:[183,55] cannot find symbol
  symbol:   method getLinkedinUrl()
  location: variable profile of type com.upnest.edu.modules.user.entity.UserProfile
[ERROR] /n:/DACN/upnestedu/edu/src/main/java/com/upnest/edu/modules/user/controller/UserAuthController.java:[39,62] cannot find symbol
  symbol:   method getUsername()
  location: variable request of type com.upnest.edu.modules.user.payload.RegisterRequest
[INFO] 100 errors 
[INFO] -------------------------------------------------------------
[INFO] ------------------------------------------------------------------------
[INFO] BUILD FAILURE
[INFO] ------------------------------------------------------------------------
[INFO] Total time:  22.699 s
[INFO] Finished at: 2025-12-16T09:54:47+07:00
[INFO] ------------------------------------------------------------------------
[ERROR] Failed to execute goal org.apache.maven.plugins:maven-compiler-plugin:3.13.0:compile (default-compile) on project edu: Compilation failure: Compilation failure: 
[ERROR] /n:/DACN/upnestedu/edu/src/main/java/com/upnest/edu/modules/qa/controller/QuestionController.java:[37,35] variable questionService not initialized in the default constructor
[ERROR] /n:/DACN/upnestedu/edu/src/main/java/com/upnest/edu/modules/qa/controller/QuestionController.java:[38,33] variable answerService not initialized in the default constructor
[ERROR] /n:/DACN/upnestedu/edu/src/main/java/com/upnest/edu/modules/qa/controller/QuestionController.java:[39,34] variable commentService not initialized in the default constructor
[ERROR] /n:/DACN/upnestedu/edu/src/main/java/com/upnest/edu/modules/qa/controller/QuestionController.java:[40,35] variable reactionService not initialized in the default constructor
[ERROR] /n:/DACN/upnestedu/edu/src/main/java/com/upnest/edu/modules/user/service/PrivacySettingsService.java:[44,39] cannot find symbol
[ERROR]   symbol:   method builder()
[ERROR]   location: class com.upnest.edu.modules.user.entity.PrivacySettings
[ERROR] /n:/DACN/upnestedu/edu/src/main/java/com/upnest/edu/modules/user/service/PrivacySettingsService.java:[68,39] cannot find symbol
[ERROR]   symbol:   method builder()
[ERROR]   location: class com.upnest.edu.modules.user.entity.PrivacySettings
[ERROR] /n:/DACN/upnestedu/edu/src/main/java/com/upnest/edu/modules/user/service/PrivacySettingsService.java:[75,20] cannot find symbol
[ERROR]   symbol:   method getProfileVisibility()
[ERROR]   location: variable request of type com.upnest.edu.modules.user.payload.UpdatePrivacySettingsRequest
[ERROR] /n:/DACN/upnestedu/edu/src/main/java/com/upnest/edu/modules/user/service/PrivacySettingsService.java:[76,71] cannot find symbol
[ERROR]   symbol:   method getProfileVisibility()
[ERROR]   location: variable request of type com.upnest.edu.modules.user.payload.UpdatePrivacySettingsRequest
[ERROR] /n:/DACN/upnestedu/edu/src/main/java/com/upnest/edu/modules/user/service/PrivacySettingsService.java:[78,20] cannot find symbol
[ERROR]   symbol:   method getShowEmail()
[ERROR]   location: variable request of type com.upnest.edu.modules.user.payload.UpdatePrivacySettingsRequest
[ERROR] /n:/DACN/upnestedu/edu/src/main/java/com/upnest/edu/modules/user/service/PrivacySettingsService.java:[79,42] cannot find symbol
[ERROR]   symbol:   method getShowEmail()
[ERROR]   location: variable request of type com.upnest.edu.modules.user.payload.UpdatePrivacySettingsRequest
[ERROR] /n:/DACN/upnestedu/edu/src/main/java/com/upnest/edu/modules/user/service/PrivacySettingsService.java:[81,20] cannot find symbol
[ERROR]   symbol:   method getShowPhone()
[ERROR]   location: variable request of type com.upnest.edu.modules.user.payload.UpdatePrivacySettingsRequest
[ERROR] /n:/DACN/upnestedu/edu/src/main/java/com/upnest/edu/modules/user/service/PrivacySettingsService.java:[82,42] cannot find symbol
[ERROR]   symbol:   method getShowPhone()
[ERROR]   location: variable request of type com.upnest.edu.modules.user.payload.UpdatePrivacySettingsRequest
[ERROR] /n:/DACN/upnestedu/edu/src/main/java/com/upnest/edu/modules/user/service/PrivacySettingsService.java:[84,20] cannot find symbol
[ERROR]   symbol:   method getShowAcademicInfo()
[ERROR]   location: variable request of type com.upnest.edu.modules.user.payload.UpdatePrivacySettingsRequest
[ERROR] /n:/DACN/upnestedu/edu/src/main/java/com/upnest/edu/modules/user/service/PrivacySettingsService.java:[85,49] cannot find symbol
[ERROR]   symbol:   method getShowAcademicInfo()
[ERROR]   location: variable request of type com.upnest.edu.modules.user.payload.UpdatePrivacySettingsRequest
[ERROR] /n:/DACN/upnestedu/edu/src/main/java/com/upnest/edu/modules/user/service/PrivacySettingsService.java:[87,20] cannot find symbol
[ERROR]   symbol:   method getAllowContactFrom()
[ERROR]   location: variable request of type com.upnest.edu.modules.user.payload.UpdatePrivacySettingsRequest
[ERROR] /n:/DACN/upnestedu/edu/src/main/java/com/upnest/edu/modules/user/service/PrivacySettingsService.java:[88,70] cannot find symbol
[ERROR]   symbol:   method getAllowContactFrom()
[ERROR]   location: variable request of type com.upnest.edu.modules.user.payload.UpdatePrivacySettingsRequest
[ERROR] /n:/DACN/upnestedu/edu/src/main/java/com/upnest/edu/modules/user/service/PrivacySettingsService.java:[90,20] cannot find symbol
[ERROR]   symbol:   method getShowActivity()
[ERROR]   location: variable request of type com.upnest.edu.modules.user.payload.UpdatePrivacySettingsRequest
[ERROR] /n:/DACN/upnestedu/edu/src/main/java/com/upnest/edu/modules/user/service/PrivacySettingsService.java:[91,66] cannot find symbol
[ERROR]   symbol:   method getShowActivity()
[ERROR]   location: variable request of type com.upnest.edu.modules.user.payload.UpdatePrivacySettingsRequest
[ERROR] /n:/DACN/upnestedu/edu/src/main/java/com/upnest/edu/modules/user/service/PrivacySettingsService.java:[93,20] cannot find symbol
[ERROR]   symbol:   method getShowFriendsList()
[ERROR]   location: variable request of type com.upnest.edu.modules.user.payload.UpdatePrivacySettingsRequest
[ERROR] /n:/DACN/upnestedu/edu/src/main/java/com/upnest/edu/modules/user/service/PrivacySettingsService.java:[94,48] cannot find symbol
[ERROR]   symbol:   method getShowFriendsList()
[ERROR]   location: variable request of type com.upnest.edu.modules.user.payload.UpdatePrivacySettingsRequest
[ERROR] /n:/DACN/upnestedu/edu/src/main/java/com/upnest/edu/modules/user/service/PrivacySettingsService.java:[96,20] cannot find symbol
[ERROR]   symbol:   method getSearchableByEmail()
[ERROR]   location: variable request of type com.upnest.edu.modules.user.payload.UpdatePrivacySettingsRequest
[ERROR] /n:/DACN/upnestedu/edu/src/main/java/com/upnest/edu/modules/user/service/PrivacySettingsService.java:[97,50] cannot find symbol
[ERROR]   symbol:   method getSearchableByEmail()
[ERROR]   location: variable request of type com.upnest.edu.modules.user.payload.UpdatePrivacySettingsRequest
[ERROR] /n:/DACN/upnestedu/edu/src/main/java/com/upnest/edu/modules/user/service/PrivacySettingsService.java:[99,20] cannot find symbol
[ERROR]   symbol:   method getSearchableByUsername()
[ERROR]   location: variable request of type com.upnest.edu.modules.user.payload.UpdatePrivacySettingsRequest
[ERROR] /n:/DACN/upnestedu/edu/src/main/java/com/upnest/edu/modules/user/service/PrivacySettingsService.java:[100,53] cannot find symbol
[ERROR]   symbol:   method getSearchableByUsername()
[ERROR]   location: variable request of type com.upnest.edu.modules.user.payload.UpdatePrivacySettingsRequest
[ERROR] /n:/DACN/upnestedu/edu/src/main/java/com/upnest/edu/modules/user/service/PrivacySettingsService.java:[102,20] cannot find symbol
[ERROR]   symbol:   method getReceiveEmailNotifications()
[ERROR]   location: variable request of type com.upnest.edu.modules.user.payload.UpdatePrivacySettingsRequest
[ERROR] /n:/DACN/upnestedu/edu/src/main/java/com/upnest/edu/modules/user/service/PrivacySettingsService.java:[103,58] cannot find symbol
[ERROR]   symbol:   method getReceiveEmailNotifications()
[ERROR]   location: variable request of type com.upnest.edu.modules.user.payload.UpdatePrivacySettingsRequest
[ERROR] /n:/DACN/upnestedu/edu/src/main/java/com/upnest/edu/modules/user/service/PrivacySettingsService.java:[105,20] cannot find symbol
[ERROR]   symbol:   method getNotificationFrom()
[ERROR]   location: variable request of type com.upnest.edu.modules.user.payload.UpdatePrivacySettingsRequest
[ERROR] /n:/DACN/upnestedu/edu/src/main/java/com/upnest/edu/modules/user/service/PrivacySettingsService.java:[106,70] cannot find symbol
[ERROR]   symbol:   method getNotificationFrom()
[ERROR]   location: variable request of type com.upnest.edu.modules.user.payload.UpdatePrivacySettingsRequest
[ERROR] /n:/DACN/upnestedu/edu/src/main/java/com/upnest/edu/modules/user/service/PrivacySettingsService.java:[108,20] cannot find symbol
[ERROR]   symbol:   method getAllowFriendRequestFrom()
[ERROR]   location: variable request of type com.upnest.edu.modules.user.payload.UpdatePrivacySettingsRequest
[ERROR] /n:/DACN/upnestedu/edu/src/main/java/com/upnest/edu/modules/user/service/PrivacySettingsService.java:[109,76] cannot find symbol
[ERROR]   symbol:   method getAllowFriendRequestFrom()
[ERROR]   location: variable request of type com.upnest.edu.modules.user.payload.UpdatePrivacySettingsRequest
[ERROR] /n:/DACN/upnestedu/edu/src/main/java/com/upnest/edu/modules/user/service/PrivacySettingsService.java:[112,17] cannot find symbol
[ERROR]   symbol:   method setUpdatedAt(java.time.LocalDateTime)
[ERROR]   location: variable settings of type com.upnest.edu.modules.user.entity.PrivacySettings
[ERROR] /n:/DACN/upnestedu/edu/src/main/java/com/upnest/edu/modules/user/service/PrivacySettingsService.java:[132,51] cannot find symbol
[ERROR]   symbol:   method builder()
[ERROR]   location: class com.upnest.edu.modules.user.entity.PrivacySettings
[ERROR] /n:/DACN/upnestedu/edu/src/main/java/com/upnest/edu/modules/user/service/PrivacySettingsService.java:[147,39] cannot find symbol
[ERROR]   symbol:   method builder()
[ERROR]   location: class com.upnest.edu.modules.user.payload.PrivacySettingsResponse
[ERROR] /n:/DACN/upnestedu/edu/src/main/java/com/upnest/edu/modules/user/service/PrivacySettingsService.java:[148,36] cannot find symbol
[ERROR]   symbol:   method getSettingId()
[ERROR]   location: variable settings of type com.upnest.edu.modules.user.entity.PrivacySettings
[ERROR] /n:/DACN/upnestedu/edu/src/main/java/com/upnest/edu/modules/user/service/PrivacySettingsService.java:[149,44] cannot find symbol
[ERROR]   symbol:   method getProfileVisibility()
[ERROR]   location: variable settings of type com.upnest.edu.modules.user.entity.PrivacySettings
[ERROR] /n:/DACN/upnestedu/edu/src/main/java/com/upnest/edu/modules/user/service/PrivacySettingsService.java:[150,36] cannot find symbol
[ERROR]   symbol:   method getShowEmail()
[ERROR]   location: variable settings of type com.upnest.edu.modules.user.entity.PrivacySettings
[ERROR] /n:/DACN/upnestedu/edu/src/main/java/com/upnest/edu/modules/user/service/PrivacySettingsService.java:[151,36] cannot find symbol
[ERROR]   symbol:   method getShowPhone()
[ERROR]   location: variable settings of type com.upnest.edu.modules.user.entity.PrivacySettings
[ERROR] /n:/DACN/upnestedu/edu/src/main/java/com/upnest/edu/modules/user/service/PrivacySettingsService.java:[152,43] cannot find symbol
[ERROR]   symbol:   method getShowAcademicInfo()
[ERROR]   location: variable settings of type com.upnest.edu.modules.user.entity.PrivacySettings
[ERROR] /n:/DACN/upnestedu/edu/src/main/java/com/upnest/edu/modules/user/service/PrivacySettingsService.java:[153,43] cannot find symbol
[ERROR]   symbol:   method getAllowContactFrom()
[ERROR]   location: variable settings of type com.upnest.edu.modules.user.entity.PrivacySettings
[ERROR] /n:/DACN/upnestedu/edu/src/main/java/com/upnest/edu/modules/user/service/PrivacySettingsService.java:[154,39] cannot find symbol
[ERROR]   symbol:   method getShowActivity()
[ERROR]   location: variable settings of type com.upnest.edu.modules.user.entity.PrivacySettings
[ERROR] /n:/DACN/upnestedu/edu/src/main/java/com/upnest/edu/modules/user/service/PrivacySettingsService.java:[155,42] cannot find symbol
[ERROR]   symbol:   method getShowFriendsList()
[ERROR]   location: variable settings of type com.upnest.edu.modules.user.entity.PrivacySettings
[ERROR] /n:/DACN/upnestedu/edu/src/main/java/com/upnest/edu/modules/user/service/PrivacySettingsService.java:[156,44] cannot find symbol
[ERROR]   symbol:   method getSearchableByEmail()
[ERROR]   location: variable settings of type com.upnest.edu.modules.user.entity.PrivacySettings
[ERROR] /n:/DACN/upnestedu/edu/src/main/java/com/upnest/edu/modules/user/service/PrivacySettingsService.java:[157,47] cannot find symbol
[ERROR]   symbol:   method getSearchableByUsername()
[ERROR]   location: variable settings of type com.upnest.edu.modules.user.entity.PrivacySettings
[ERROR] /n:/DACN/upnestedu/edu/src/main/java/com/upnest/edu/modules/user/service/PrivacySettingsService.java:[158,52] cannot find symbol
[ERROR]   symbol:   method getReceiveEmailNotifications()
[ERROR]   location: variable settings of type com.upnest.edu.modules.user.entity.PrivacySettings
[ERROR] /n:/DACN/upnestedu/edu/src/main/java/com/upnest/edu/modules/user/service/PrivacySettingsService.java:[159,43] cannot find symbol
[ERROR]   symbol:   method getNotificationFrom()
[ERROR]   location: variable settings of type com.upnest.edu.modules.user.entity.PrivacySettings
[ERROR] /n:/DACN/upnestedu/edu/src/main/java/com/upnest/edu/modules/user/service/PrivacySettingsService.java:[160,49] cannot find symbol
[ERROR]   symbol:   method getAllowFriendRequestFrom()
[ERROR]   location: variable settings of type com.upnest.edu.modules.user.entity.PrivacySettings
[ERROR] /n:/DACN/upnestedu/edu/src/main/java/com/upnest/edu/modules/user/service/UserProfileService.java:[34,9] cannot find symbol
[ERROR]   symbol:   variable log
[ERROR]   location: class com.upnest.edu.modules.user.service.UserProfileService
[ERROR] /n:/DACN/upnestedu/edu/src/main/java/com/upnest/edu/modules/user/service/UserProfileService.java:[49,9] cannot find symbol
[ERROR]   symbol:   variable log
[ERROR]   location: class com.upnest.edu.modules.user.service.UserProfileService
[ERROR] /n:/DACN/upnestedu/edu/src/main/java/com/upnest/edu/modules/user/service/UserProfileService.java:[55,20] cannot find symbol
[ERROR]   symbol:   method getFullName()
[ERROR]   location: variable request of type com.upnest.edu.modules.user.payload.UpdateProfileRequest
[ERROR] /n:/DACN/upnestedu/edu/src/main/java/com/upnest/edu/modules/user/service/UserProfileService.java:[56,37] cannot find symbol
[ERROR]   symbol:   method getFullName()
[ERROR]   location: variable request of type com.upnest.edu.modules.user.payload.UpdateProfileRequest
[ERROR] /n:/DACN/upnestedu/edu/src/main/java/com/upnest/edu/modules/user/service/UserProfileService.java:[58,20] cannot find symbol
[ERROR]   symbol:   method getPhone()
[ERROR]   location: variable request of type com.upnest.edu.modules.user.payload.UpdateProfileRequest
[ERROR] /n:/DACN/upnestedu/edu/src/main/java/com/upnest/edu/modules/user/service/UserProfileService.java:[59,34] cannot find symbol
[ERROR]   symbol:   method getPhone()
[ERROR]   location: variable request of type com.upnest.edu.modules.user.payload.UpdateProfileRequest
[ERROR] /n:/DACN/upnestedu/edu/src/main/java/com/upnest/edu/modules/user/service/UserProfileService.java:[65,34] cannot find symbol
[ERROR]   symbol:   method builder()
[ERROR]   location: class com.upnest.edu.modules.user.entity.UserProfile
[ERROR] /n:/DACN/upnestedu/edu/src/main/java/com/upnest/edu/modules/user/service/UserProfileService.java:[72,20] cannot find symbol
[ERROR]   symbol:   method getDateOfBirth()
[ERROR]   location: variable request of type com.upnest.edu.modules.user.payload.UpdateProfileRequest
[ERROR] /n:/DACN/upnestedu/edu/src/main/java/com/upnest/edu/modules/user/service/UserProfileService.java:[73,43] cannot find symbol
[ERROR]   symbol:   method getDateOfBirth()
[ERROR]   location: variable request of type com.upnest.edu.modules.user.payload.UpdateProfileRequest
[ERROR] /n:/DACN/upnestedu/edu/src/main/java/com/upnest/edu/modules/user/service/UserProfileService.java:[75,20] cannot find symbol
[ERROR]   symbol:   method getGender()
[ERROR]   location: variable request of type com.upnest.edu.modules.user.payload.UpdateProfileRequest
[ERROR] /n:/DACN/upnestedu/edu/src/main/java/com/upnest/edu/modules/user/service/UserProfileService.java:[76,88] cannot find symbol
[ERROR]   symbol:   method getGender()
[ERROR]   location: variable request of type com.upnest.edu.modules.user.payload.UpdateProfileRequest
[ERROR] /n:/DACN/upnestedu/edu/src/main/java/com/upnest/edu/modules/user/service/UserProfileService.java:[78,20] cannot find symbol
[ERROR]   symbol:   method getAddress()
[ERROR]   location: variable request of type com.upnest.edu.modules.user.payload.UpdateProfileRequest
[ERROR] /n:/DACN/upnestedu/edu/src/main/java/com/upnest/edu/modules/user/service/UserProfileService.java:[79,39] cannot find symbol
[ERROR]   symbol:   method getAddress()
[ERROR]   location: variable request of type com.upnest.edu.modules.user.payload.UpdateProfileRequest
[ERROR] /n:/DACN/upnestedu/edu/src/main/java/com/upnest/edu/modules/user/service/UserProfileService.java:[81,20] cannot find symbol
[ERROR]   symbol:   method getCity()
[ERROR]   location: variable request of type com.upnest.edu.modules.user.payload.UpdateProfileRequest
[ERROR] /n:/DACN/upnestedu/edu/src/main/java/com/upnest/edu/modules/user/service/UserProfileService.java:[82,36] cannot find symbol
[ERROR]   symbol:   method getCity()
[ERROR]   location: variable request of type com.upnest.edu.modules.user.payload.UpdateProfileRequest
[ERROR] /n:/DACN/upnestedu/edu/src/main/java/com/upnest/edu/modules/user/service/UserProfileService.java:[84,20] cannot find symbol
[ERROR]   symbol:   method getCountry()
[ERROR]   location: variable request of type com.upnest.edu.modules.user.payload.UpdateProfileRequest
[ERROR] /n:/DACN/upnestedu/edu/src/main/java/com/upnest/edu/modules/user/service/UserProfileService.java:[85,39] cannot find symbol
[ERROR]   symbol:   method getCountry()
[ERROR]   location: variable request of type com.upnest.edu.modules.user.payload.UpdateProfileRequest
[ERROR] /n:/DACN/upnestedu/edu/src/main/java/com/upnest/edu/modules/user/service/UserProfileService.java:[87,20] cannot find symbol
[ERROR]   symbol:   method getSpecialization()
[ERROR]   location: variable request of type com.upnest.edu.modules.user.payload.UpdateProfileRequest
[ERROR] /n:/DACN/upnestedu/edu/src/main/java/com/upnest/edu/modules/user/service/UserProfileService.java:[88,46] cannot find symbol
[ERROR]   symbol:   method getSpecialization()
[ERROR]   location: variable request of type com.upnest.edu.modules.user.payload.UpdateProfileRequest
[ERROR] /n:/DACN/upnestedu/edu/src/main/java/com/upnest/edu/modules/user/service/UserProfileService.java:[90,20] cannot find symbol
[ERROR]   symbol:   method getInstitution()
[ERROR]   location: variable request of type com.upnest.edu.modules.user.payload.UpdateProfileRequest
[ERROR] /n:/DACN/upnestedu/edu/src/main/java/com/upnest/edu/modules/user/service/UserProfileService.java:[91,43] cannot find symbol
[ERROR]   symbol:   method getInstitution()
[ERROR]   location: variable request of type com.upnest.edu.modules.user.payload.UpdateProfileRequest
[ERROR] /n:/DACN/upnestedu/edu/src/main/java/com/upnest/edu/modules/user/service/UserProfileService.java:[93,20] cannot find symbol
[ERROR]   symbol:   method getAcademicYear()
[ERROR]   location: variable request of type com.upnest.edu.modules.user.payload.UpdateProfileRequest
[ERROR] /n:/DACN/upnestedu/edu/src/main/java/com/upnest/edu/modules/user/service/UserProfileService.java:[94,44] cannot find symbol
[ERROR]   symbol:   method getAcademicYear()
[ERROR]   location: variable request of type com.upnest.edu.modules.user.payload.UpdateProfileRequest
[ERROR] /n:/DACN/upnestedu/edu/src/main/java/com/upnest/edu/modules/user/service/UserProfileService.java:[96,20] cannot find symbol
[ERROR]   symbol:   method getBio()
[ERROR]   location: variable request of type com.upnest.edu.modules.user.payload.UpdateProfileRequest
[ERROR] /n:/DACN/upnestedu/edu/src/main/java/com/upnest/edu/modules/user/service/UserProfileService.java:[97,35] cannot find symbol
[ERROR]   symbol:   method getBio()
[ERROR]   location: variable request of type com.upnest.edu.modules.user.payload.UpdateProfileRequest
[ERROR] /n:/DACN/upnestedu/edu/src/main/java/com/upnest/edu/modules/user/service/UserProfileService.java:[99,20] cannot find symbol
[ERROR]   symbol:   method getWebsite()
[ERROR]   location: variable request of type com.upnest.edu.modules.user.payload.UpdateProfileRequest
[ERROR] /n:/DACN/upnestedu/edu/src/main/java/com/upnest/edu/modules/user/service/UserProfileService.java:[100,39] cannot find symbol
[ERROR]   symbol:   method getWebsite()
[ERROR]   location: variable request of type com.upnest.edu.modules.user.payload.UpdateProfileRequest
[ERROR] /n:/DACN/upnestedu/edu/src/main/java/com/upnest/edu/modules/user/service/UserProfileService.java:[102,20] cannot find symbol
[ERROR]   symbol:   method getGithubUrl()
[ERROR]   location: variable request of type com.upnest.edu.modules.user.payload.UpdateProfileRequest
[ERROR] /n:/DACN/upnestedu/edu/src/main/java/com/upnest/edu/modules/user/service/UserProfileService.java:[103,41] cannot find symbol
[ERROR]   symbol:   method getGithubUrl()
[ERROR]   location: variable request of type com.upnest.edu.modules.user.payload.UpdateProfileRequest
[ERROR] /n:/DACN/upnestedu/edu/src/main/java/com/upnest/edu/modules/user/service/UserProfileService.java:[105,20] cannot find symbol
[ERROR]   symbol:   method getLinkedinUrl()
[ERROR]   location: variable request of type com.upnest.edu.modules.user.payload.UpdateProfileRequest
[ERROR] /n:/DACN/upnestedu/edu/src/main/java/com/upnest/edu/modules/user/service/UserProfileService.java:[106,43] cannot find symbol
[ERROR]   symbol:   method getLinkedinUrl()
[ERROR]   location: variable request of type com.upnest.edu.modules.user.payload.UpdateProfileRequest
[ERROR] /n:/DACN/upnestedu/edu/src/main/java/com/upnest/edu/modules/user/service/UserProfileService.java:[109,16] cannot find symbol
[ERROR]   symbol:   method setUpdatedAt(java.time.LocalDateTime)
[ERROR]   location: variable profile of type com.upnest.edu.modules.user.entity.UserProfile
[ERROR] /n:/DACN/upnestedu/edu/src/main/java/com/upnest/edu/modules/user/service/UserProfileService.java:[117,9] cannot find symbol
[ERROR]   symbol:   variable log
[ERROR]   location: class com.upnest.edu.modules.user.service.UserProfileService
[ERROR] /n:/DACN/upnestedu/edu/src/main/java/com/upnest/edu/modules/user/service/UserProfileService.java:[129,9] cannot find symbol
[ERROR]   symbol:   variable log
[ERROR]   location: class com.upnest.edu.modules.user.service.UserProfileService
[ERROR] /n:/DACN/upnestedu/edu/src/main/java/com/upnest/edu/modules/user/service/UserProfileService.java:[136,34] cannot find symbol
[ERROR]   symbol:   method builder()
[ERROR]   location: class com.upnest.edu.modules.user.entity.UserProfile
[ERROR] /n:/DACN/upnestedu/edu/src/main/java/com/upnest/edu/modules/user/service/UserProfileService.java:[142,16] cannot find symbol
[ERROR]   symbol:   method setAvatarUrl(java.lang.String)
[ERROR]   location: variable profile of type com.upnest.edu.modules.user.entity.UserProfile
[ERROR] /n:/DACN/upnestedu/edu/src/main/java/com/upnest/edu/modules/user/service/UserProfileService.java:[143,16] cannot find symbol
[ERROR]   symbol:   method setUpdatedAt(java.time.LocalDateTime)
[ERROR]   location: variable profile of type com.upnest.edu.modules.user.entity.UserProfile
[ERROR] /n:/DACN/upnestedu/edu/src/main/java/com/upnest/edu/modules/user/service/UserProfileService.java:[149,9] cannot find symbol
[ERROR]   symbol:   variable log
[ERROR]   location: class com.upnest.edu.modules.user.service.UserProfileService
[ERROR] /n:/DACN/upnestedu/edu/src/main/java/com/upnest/edu/modules/user/service/UserProfileService.java:[160,51] cannot find symbol
[ERROR]   symbol:   method getGender()
[ERROR]   location: variable profile of type com.upnest.edu.modules.user.entity.UserProfile
[ERROR] /n:/DACN/upnestedu/edu/src/main/java/com/upnest/edu/modules/user/service/UserProfileService.java:[161,26] cannot find symbol
[ERROR]   symbol:   method getGender()
[ERROR]   location: variable profile of type com.upnest.edu.modules.user.entity.UserProfile
[ERROR] /n:/DACN/upnestedu/edu/src/main/java/com/upnest/edu/modules/user/service/UserProfileService.java:[164,35] cannot find symbol
[ERROR]   symbol:   method builder()
[ERROR]   location: class com.upnest.edu.modules.user.payload.UserProfileResponse
[ERROR] /n:/DACN/upnestedu/edu/src/main/java/com/upnest/edu/modules/user/service/UserProfileService.java:[171,53] cannot find symbol
[ERROR]   symbol:   method getAvatarUrl()
[ERROR]   location: variable profile of type com.upnest.edu.modules.user.entity.UserProfile
[ERROR] /n:/DACN/upnestedu/edu/src/main/java/com/upnest/edu/modules/user/service/UserProfileService.java:[172,55] cannot find symbol
[ERROR]   symbol:   method getDateOfBirth()
[ERROR]   location: variable profile of type com.upnest.edu.modules.user.entity.UserProfile
[ERROR] /n:/DACN/upnestedu/edu/src/main/java/com/upnest/edu/modules/user/service/UserProfileService.java:[174,51] cannot find symbol
[ERROR]   symbol:   method getAddress()
[ERROR]   location: variable profile of type com.upnest.edu.modules.user.entity.UserProfile
[ERROR] /n:/DACN/upnestedu/edu/src/main/java/com/upnest/edu/modules/user/service/UserProfileService.java:[175,48] cannot find symbol
[ERROR]   symbol:   method getCity()
[ERROR]   location: variable profile of type com.upnest.edu.modules.user.entity.UserProfile
[ERROR] /n:/DACN/upnestedu/edu/src/main/java/com/upnest/edu/modules/user/service/UserProfileService.java:[176,51] cannot find symbol
[ERROR]   symbol:   method getCountry()
[ERROR]   location: variable profile of type com.upnest.edu.modules.user.entity.UserProfile
[ERROR] /n:/DACN/upnestedu/edu/src/main/java/com/upnest/edu/modules/user/service/UserProfileService.java:[177,58] cannot find symbol
[ERROR]   symbol:   method getSpecialization()
[ERROR]   location: variable profile of type com.upnest.edu.modules.user.entity.UserProfile
[ERROR] /n:/DACN/upnestedu/edu/src/main/java/com/upnest/edu/modules/user/service/UserProfileService.java:[178,55] cannot find symbol
[ERROR]   symbol:   method getInstitution()
[ERROR]   location: variable profile of type com.upnest.edu.modules.user.entity.UserProfile
[ERROR] /n:/DACN/upnestedu/edu/src/main/java/com/upnest/edu/modules/user/service/UserProfileService.java:[179,56] cannot find symbol
[ERROR]   symbol:   method getAcademicYear()
[ERROR]   location: variable profile of type com.upnest.edu.modules.user.entity.UserProfile
[ERROR] /n:/DACN/upnestedu/edu/src/main/java/com/upnest/edu/modules/user/service/UserProfileService.java:[180,47] cannot find symbol
[ERROR]   symbol:   method getBio()
[ERROR]   location: variable profile of type com.upnest.edu.modules.user.entity.UserProfile
[ERROR] /n:/DACN/upnestedu/edu/src/main/java/com/upnest/edu/modules/user/service/UserProfileService.java:[181,51] cannot find symbol
[ERROR]   symbol:   method getWebsite()
[ERROR]   location: variable profile of type com.upnest.edu.modules.user.entity.UserProfile
[ERROR] /n:/DACN/upnestedu/edu/src/main/java/com/upnest/edu/modules/user/service/UserProfileService.java:[182,53] cannot find symbol
[ERROR]   symbol:   method getGithubUrl()
[ERROR]   location: variable profile of type com.upnest.edu.modules.user.entity.UserProfile
[ERROR] /n:/DACN/upnestedu/edu/src/main/java/com/upnest/edu/modules/user/service/UserProfileService.java:[183,55] cannot find symbol
[ERROR]   symbol:   method getLinkedinUrl()
[ERROR]   location: variable profile of type com.upnest.edu.modules.user.entity.UserProfile
[ERROR] /n:/DACN/upnestedu/edu/src/main/java/com/upnest/edu/modules/user/controller/UserAuthController.java:[39,62] cannot find symbol
[ERROR]   symbol:   method getUsername()
[ERROR]   location: variable request of type com.upnest.edu.modules.user.payload.RegisterRequest
[ERROR] -> [Help 1]
[ERROR] 
[ERROR] To see the full stack trace of the errors, re-run Maven with the -e switch.
[ERROR] Re-run Maven using the -X switch to enable full debug logging.
[ERROR] 
[ERROR] For more information about the errors and possible solutions, please read the following articles:
[ERROR] [Help 1] http://cwiki.apache.org/confluence/display/MAVEN/MojoFailureException
