[INFO] Scanning for projects...
[INFO] 
[INFO] ---------------------------< com.upnest:edu >---------------------------
[INFO] Building UpNest Edu System 0.0.1-SNAPSHOT
[INFO]   from pom.xml
[INFO] --------------------------------[ jar ]---------------------------------
[INFO] 
[INFO] --- resources:3.3.1:resources (default-resources) @ edu ---
[INFO] Copying 1 resource from src\main\resources to target\classes
[INFO] Copying 0 resource from src\main\resources to target\classes
[INFO] 
[INFO] --- compiler:3.13.0:compile (default-compile) @ edu ---
[INFO] Recompiling the module because of changed source code.
[INFO] Compiling 330 source files with javac [debug parameters release 21] to target\classes
[INFO] -------------------------------------------------------------
[ERROR] COMPILATION ERROR : 
[INFO] -------------------------------------------------------------
[ERROR] /n:/DACN/upnestedu/edu/src/main/java/com/upnest/edu/modules/qa/service/ContentModerationService.java:[12,26] implicitly declared classes are not supported in -source 21
  (use -source 25 or higher to enable implicitly declared classes)
[ERROR] /n:/DACN/upnestedu/edu/src/main/java/com/upnest/edu/modules/qa/service/ContentModerationService.java:[155,1] class, interface, enum, or record expected
[ERROR] /n:/DACN/upnestedu/edu/src/main/java/com/upnest/edu/modules/qa/service/ContentModerationService.java:[1,1] compact source file should not have package declaration
[INFO] 3 errors 
[INFO] -------------------------------------------------------------
[INFO] ------------------------------------------------------------------------
[INFO] BUILD FAILURE
[INFO] ------------------------------------------------------------------------
[INFO] Total time:  2.142 s
[INFO] Finished at: 2025-12-21T20:14:48+07:00
[INFO] ------------------------------------------------------------------------
[ERROR] Failed to execute goal org.apache.maven.plugins:maven-compiler-plugin:3.13.0:compile (default-compile) on project edu: Compilation failure: Compilation failure: 
[ERROR] /n:/DACN/upnestedu/edu/src/main/java/com/upnest/edu/modules/qa/service/ContentModerationService.java:[12,26] implicitly declared classes are not supported in -source 21
[ERROR]   (use -source 25 or higher to enable implicitly declared classes)
[ERROR] /n:/DACN/upnestedu/edu/src/main/java/com/upnest/edu/modules/qa/service/ContentModerationService.java:[155,1] class, interface, enum, or record expected
[ERROR] /n:/DACN/upnestedu/edu/src/main/java/com/upnest/edu/modules/qa/service/ContentModerationService.java:[1,1] compact source file should not have package declaration
[ERROR] -> [Help 1]
[ERROR] 
[ERROR] To see the full stack trace of the errors, re-run Maven with the -e switch.
[ERROR] Re-run Maven using the -X switch to enable full debug logging.
[ERROR] 
[ERROR] For more information about the errors and possible solutions, please read the following articles:
[ERROR] [Help 1] http://cwiki.apache.org/confluence/display/MAVEN/MojoFailureException
